[35m[Appium][39m Welcome to Appium v2.4.1
[35m[Appium][39m Non-default server args:
[35m[Appium][39m { basePath: [32m'/wd/hub'[39m, loglevel: [32m'info'[39m, port: [33m60959[39m }
[35m[Appium][39m Attempting to load driver uiautomator2...
[35m[Appium][39m Appium REST http interface listener started on http://0.0.0.0:60959/wd/hub
[35m[Appium][39m You can provide the following URLs in your client code to connect to this server:
[35m[Appium][39m 	http://192.168.1.12:60959/wd/hub
[35m[Appium][39m 	http://127.0.0.1:60959/wd/hub (only accessible from the same host)
[35m[Appium][39m Available drivers:
[35m[Appium][39m   - uiautomator2@2.40.2 (automationName 'UiAutomator2')
[35m[Appium][39m No plugins have been installed. Use the "appium plugin" command to install the one(s) you want to use.
[38;5;0m[HTTP][0m [37m-->[39m [37mGET[39m [37m/wd/hub/status[39m
[38;5;0m[HTTP][0m [90m{}[39m
[38;5;0m[HTTP][0m [37m<-- GET /wd/hub/status [39m[32m200[39m [90m3 ms - 110[39m
[38;5;0m[HTTP][0m [90m[39m
[38;5;0m[HTTP][0m [37m-->[39m [37mGET[39m [37m/wd/hub/status[39m
[38;5;0m[HTTP][0m [90m{}[39m
[38;5;0m[HTTP][0m [37m<-- GET /wd/hub/status [39m[32m200[39m [90m1 ms - 110[39m
[38;5;0m[HTTP][0m [90m[39m
[38;5;0m[HTTP][0m [37m-->[39m [37mPOST[39m [37m/wd/hub/session[39m
[38;5;0m[HTTP][0m [90m{"desiredCapabilities":{"appium:systemPort":8203,"appium:udid":"GVV7N18724036064","appium:autoGrantPermissions":true,"appium:newCommandTimeout":1800,"appium:platformName":"ANDROID","appium:appActivity":".Settings","appium:deviceName":"HUAWEI INE-LX1 (Android 9)","platformName":"Android","appium:automationName":"uiautomator2","appium:platformVersion":"9","appium:appPackage":"com.android.settings"},"capabilities":{"firstMatch":[{"appium:appActivity":".Settings","appium:appPackage":"com.android.settings","appium:autoGrantPermissions":true,"appium:automationName":"uiautomator2","appium:deviceName":"HUAWEI INE-LX1 (Android 9)","appium:newCommandTimeout":1800,"appium:platformName":"ANDROID","appium:platformVersion":"9","appium:systemPort":8203,"appium:udid":"GVV7N18724036064","platformName":"android"}]}}[39m
[38;5;32m[BaseDriver][0m Ignoring capability 'appium:platformName=ANDROID' and using capability 'platformName=android'
[38;5;32m[BaseDriver][0m The capabilities ["platformName"] are standard capabilities and do not require "appium:" prefix
[35m[Appium][39m Attempting to find matching driver for automationName 'uiautomator2' and platformName 'android'
[35m[Appium][39m The 'uiautomator2' driver was installed and matched caps.
[35m[Appium][39m Will require it at C:\Users\nahla\.appium\node_modules\appium-uiautomator2-driver
[38;5;16m[AppiumDriver@83e6][0m Appium v2.4.1 creating new AndroidUiautomator2Driver (v2.40.2) session
[38;5;16m[AppiumDriver@83e6][0m Checking BaseDriver versions for Appium and AndroidUiautomator2Driver
[38;5;16m[AppiumDriver@83e6][0m Appium's BaseDriver version is 9.5.0
[38;5;16m[AppiumDriver@83e6][0m AndroidUiautomator2Driver's BaseDriver version is 9.5.0
[38;5;48m[AndroidUiautomator2Driver@1d6f (090a6bdf)][0m Session created with session id: 090a6bdf-49f7-4678-9608-aa52f4346640
[38;5;48m[AndroidUiautomator2Driver@1d6f (090a6bdf)][0m Starting 'com.android.settings' directly on the device
[38;5;64m[ADB][0m Found 1 'build-tools' folders under 'C:\Users\nahla\.katalon\tools\android_sdk' (newest first):
[38;5;64m[ADB][0m     C:\Users\nahla\.katalon\tools\android_sdk\build-tools\29.0.3
[38;5;64m[ADB][0m Using 'adb.exe' from 'C:\Users\nahla\.katalon\tools\android_sdk\platform-tools\adb.exe'
[38;5;80m[AndroidDriver][0m Retrieving device list
[38;5;80m[AndroidDriver][0m Using device: GVV7N18724036064
[38;5;64m[ADB][0m Using 'adb.exe' from 'C:\Users\nahla\.katalon\tools\android_sdk\platform-tools\adb.exe'
[38;5;64m[ADB][0m Getting device platform version
[38;5;48m[AndroidUiautomator2Driver@1d6f (090a6bdf)][0m Relaxing hidden api policy
[38;5;80m[AndroidDriver][0m No app sent in, not parsing package/activity
[38;5;64m[ADB][0m Using 'apksigner.jar' from 'C:\Users\nahla\.katalon\tools\android_sdk\build-tools\29.0.3\lib\apksigner.jar'
[38;5;64m[ADB][0m 'C:\Users\nahla\.appium\node_modules\appium-uiautomator2-driver\node_modules\appium-uiautomator2-server\apks\appium-uiautomator2-server-debug-androidTest.apk' is signed with the default certificate
[38;5;64m[ADB][0m 'C:\Users\nahla\.appium\node_modules\appium-uiautomator2-driver\node_modules\appium-uiautomator2-server\apks\appium-uiautomator2-server-v6.0.3.apk' is signed with the default certificate
[38;5;48m[AndroidUiautomator2Driver@1d6f (090a6bdf)][0m Server packages are not going to be (re)installed
[38;5;64m[ADB][0m Adding packages ["io.appium.settings","io.appium.uiautomator2.server","io.appium.uiautomator2.server.test"] to Doze whitelist
[38;5;48m[AndroidUiautomator2Driver@1d6f (090a6bdf)][0m Starting UIAutomator2 server 6.0.3
[38;5;48m[AndroidUiautomator2Driver@1d6f (090a6bdf)][0m Using UIAutomator2 server from 'C:\Users\nahla\.appium\node_modules\appium-uiautomator2-driver\node_modules\appium-uiautomator2-server\apks\appium-uiautomator2-server-v6.0.3.apk' and test from 'C:\Users\nahla\.appium\node_modules\appium-uiautomator2-driver\node_modules\appium-uiautomator2-server\apks\appium-uiautomator2-server-debug-androidTest.apk'
[38;5;48m[AndroidUiautomator2Driver@1d6f (090a6bdf)][0m Waiting up to 30000ms for UiAutomator2 to be online...
[38;5;48m[AndroidUiautomator2Driver@1d6f (090a6bdf)][0m socket hang up
[38;5;48m[AndroidUiautomator2Driver@1d6f (090a6bdf)][0m socket hang up
[38;5;48m[AndroidUiautomator2Driver@1d6f (090a6bdf)][0m socket hang up
[38;5;48m[AndroidUiautomator2Driver@1d6f (090a6bdf)][0m socket hang up
[38;5;48m[AndroidUiautomator2Driver@1d6f (090a6bdf)][0m Determined the downstream protocol as 'W3C'
[38;5;80m[AndroidDriver][0m Screen already unlocked, doing nothing
[38;5;48m[AndroidUiautomator2Driver@1d6f (090a6bdf)][0m Starting 'com.android.settings/.Settings and waiting for 'com.android.settings/.Settings'
[38;5;16m[AppiumDriver@83e6][0m New AndroidUiautomator2Driver session created successfully, session 090a6bdf-49f7-4678-9608-aa52f4346640 added to master session list
[38;5;0m[HTTP][0m [37m<-- POST /wd/hub/session [39m[32m200[39m [90m8657 ms - 1096[39m
[38;5;0m[HTTP][0m [90m[39m
[38;5;0m[HTTP][0m [37m-->[39m [37mGET[39m [37m/wd/hub/session/090a6bdf-49f7-4678-9608-aa52f4346640[39m
[38;5;0m[HTTP][0m [90m{}[39m
[38;5;0m[HTTP][0m [37m<-- GET /wd/hub/session/090a6bdf-49f7-4678-9608-aa52f4346640 [39m[32m200[39m [90m23 ms - 313[39m
[38;5;0m[HTTP][0m [90m[39m
[38;5;0m[HTTP][0m [37m-->[39m [37mGET[39m [37m/wd/hub/session/090a6bdf-49f7-4678-9608-aa52f4346640[39m
[38;5;0m[HTTP][0m [90m{}[39m
[38;5;0m[HTTP][0m [37m<-- GET /wd/hub/session/090a6bdf-49f7-4678-9608-aa52f4346640 [39m[32m200[39m [90m19 ms - 313[39m
[38;5;0m[HTTP][0m [90m[39m
[38;5;0m[HTTP][0m [37m-->[39m [37mGET[39m [37m/wd/hub/status[39m
[38;5;0m[HTTP][0m [90m{}[39m
[38;5;0m[HTTP][0m [37m<-- GET /wd/hub/status [39m[32m200[39m [90m2 ms - 110[39m
[38;5;0m[HTTP][0m [90m[39m
[38;5;0m[HTTP][0m [37m-->[39m [37mPOST[39m [37m/wd/hub/session/090a6bdf-49f7-4678-9608-aa52f4346640/timeouts[39m
[38;5;0m[HTTP][0m [90m{"implicit":60000}[39m
[38;5;0m[HTTP][0m [37m<-- POST /wd/hub/session/090a6bdf-49f7-4678-9608-aa52f4346640/timeouts [39m[32m200[39m [90m4 ms - 14[39m
[38;5;0m[HTTP][0m [90m[39m
[38;5;0m[HTTP][0m [37m-->[39m [37mGET[39m [37m/wd/hub/session/090a6bdf-49f7-4678-9608-aa52f4346640/appium/device/system_bars[39m
[38;5;0m[HTTP][0m [90m{}[39m
[38;5;0m[HTTP][0m [37m<-- GET /wd/hub/session/090a6bdf-49f7-4678-9608-aa52f4346640/appium/device/system_bars [39m[32m200[39m [90m90 ms - 151[39m
[38;5;0m[HTTP][0m [90m[39m
[38;5;0m[HTTP][0m [37m-->[39m [37mPOST[39m [37m/wd/hub/session/090a6bdf-49f7-4678-9608-aa52f4346640/appium/device/activate_app[39m
[38;5;0m[HTTP][0m [90m{"bundleId":"com.androidsample.generalstore"}[39m
[38;5;0m[HTTP][0m [37m<-- POST /wd/hub/session/090a6bdf-49f7-4678-9608-aa52f4346640/appium/device/activate_app [39m[32m200[39m [90m172 ms - 14[39m
[38;5;0m[HTTP][0m [90m[39m
[38;5;0m[HTTP][0m [37m-->[39m [37mGET[39m [37m/wd/hub/session/090a6bdf-49f7-4678-9608-aa52f4346640/source[39m
[38;5;0m[HTTP][0m [90m{}[39m
[38;5;48m[AndroidUiautomator2Driver@1d6f (090a6bdf)][0m Driver proxy active, passing request on via HTTP proxy
[38;5;48m[AndroidUiautomator2Driver@1d6f (090a6bdf)][0m Replacing sessionId 8754f861-d789-45c0-99ee-f2c4ee5f60fe with 090a6bdf-49f7-4678-9608-aa52f4346640
[38;5;0m[HTTP][0m [37m<-- GET /wd/hub/session/090a6bdf-49f7-4678-9608-aa52f4346640/source [39m[32m200[39m [90m304 ms - 11916[39m
[38;5;0m[HTTP][0m [90m[39m
[38;5;0m[HTTP][0m [37m-->[39m [37mGET[39m [37m/wd/hub/session/090a6bdf-49f7-4678-9608-aa52f4346640/screenshot[39m
[38;5;0m[HTTP][0m [90m{}[39m
[38;5;0m[HTTP][0m [37m<-- GET /wd/hub/session/090a6bdf-49f7-4678-9608-aa52f4346640/screenshot [39m[32m200[39m [90m1013 ms - 679672[39m
[38;5;0m[HTTP][0m [90m[39m
[38;5;0m[HTTP][0m [37m-->[39m [37mPOST[39m [37m/wd/hub/session/090a6bdf-49f7-4678-9608-aa52f4346640/elements[39m
[38;5;0m[HTTP][0m [90m{"using":"xpath","value":"//*[@class = 'android.widget.Spinner' and @resource-id = 'com.androidsample.generalstore:id/spinnerCountry' and (@text = '' or . = '')]"}[39m
[38;5;0m[HTTP][0m [37m<-- POST /wd/hub/session/090a6bdf-49f7-4678-9608-aa52f4346640/elements [39m[32m200[39m [90m895 ms - 139[39m
[38;5;0m[HTTP][0m [90m[39m
[38;5;0m[HTTP][0m [37m-->[39m [37mGET[39m [37m/wd/hub/session/090a6bdf-49f7-4678-9608-aa52f4346640/window/rect[39m
[38;5;0m[HTTP][0m [90m{}[39m
[38;5;0m[HTTP][0m [37m<-- GET /wd/hub/session/090a6bdf-49f7-4678-9608-aa52f4346640/window/rect [39m[32m200[39m [90m20 ms - 50[39m
[38;5;0m[HTTP][0m [90m[39m
[38;5;0m[HTTP][0m [37m-->[39m [37mPOST[39m [37m/wd/hub/session/090a6bdf-49f7-4678-9608-aa52f4346640/elements[39m
[38;5;0m[HTTP][0m [90m{"using":"xpath","value":"//*[@class = 'android.widget.Spinner' and @resource-id = 'com.androidsample.generalstore:id/spinnerCountry' and (@text = '' or . = '')]"}[39m
[38;5;0m[HTTP][0m [37m<-- POST /wd/hub/session/090a6bdf-49f7-4678-9608-aa52f4346640/elements [39m[32m200[39m [90m270 ms - 139[39m
[38;5;0m[HTTP][0m [90m[39m
[38;5;0m[HTTP][0m [37m-->[39m [37mGET[39m [37m/wd/hub/session/090a6bdf-49f7-4678-9608-aa52f4346640/element/00000000-0000-0039-ffff-ffff00000007/location[39m
[38;5;0m[HTTP][0m [90m{}[39m
[38;5;48m[AndroidUiautomator2Driver@1d6f (090a6bdf)][0m Driver proxy active, passing request on via HTTP proxy
[38;5;48m[AndroidUiautomator2Driver@1d6f (090a6bdf)][0m Replacing sessionId 8754f861-d789-45c0-99ee-f2c4ee5f60fe with 090a6bdf-49f7-4678-9608-aa52f4346640
[38;5;0m[HTTP][0m [37m<-- GET /wd/hub/session/090a6bdf-49f7-4678-9608-aa52f4346640/element/00000000-0000-0039-ffff-ffff00000007/location [39m[32m200[39m [90m36 ms - 78[39m
[38;5;0m[HTTP][0m [90m[39m
[38;5;0m[HTTP][0m [37m-->[39m [37mPOST[39m [37m/wd/hub/session/090a6bdf-49f7-4678-9608-aa52f4346640/element/00000000-0000-0039-ffff-ffff00000007/click[39m
[38;5;0m[HTTP][0m [90m{"id":"00000000-0000-0039-ffff-ffff00000007"}[39m
[38;5;0m[HTTP][0m [37m<-- POST /wd/hub/session/090a6bdf-49f7-4678-9608-aa52f4346640/element/00000000-0000-0039-ffff-ffff00000007/click [39m[32m200[39m [90m88 ms - 14[39m
[38;5;0m[HTTP][0m [90m[39m
[38;5;0m[HTTP][0m [37m-->[39m [37mGET[39m [37m/wd/hub/session/090a6bdf-49f7-4678-9608-aa52f4346640/source[39m
[38;5;0m[HTTP][0m [90m{}[39m
[38;5;48m[AndroidUiautomator2Driver@1d6f (090a6bdf)][0m Driver proxy active, passing request on via HTTP proxy
[38;5;48m[AndroidUiautomator2Driver@1d6f (090a6bdf)][0m Replacing sessionId 8754f861-d789-45c0-99ee-f2c4ee5f60fe with 090a6bdf-49f7-4678-9608-aa52f4346640
[38;5;0m[HTTP][0m [37m<-- GET /wd/hub/session/090a6bdf-49f7-4678-9608-aa52f4346640/source [39m[32m200[39m [90m659 ms - 4893[39m
[38;5;0m[HTTP][0m [90m[39m
[38;5;0m[HTTP][0m [37m-->[39m [37mGET[39m [37m/wd/hub/session/090a6bdf-49f7-4678-9608-aa52f4346640/screenshot[39m
[38;5;0m[HTTP][0m [90m{}[39m
[38;5;0m[HTTP][0m [37m<-- GET /wd/hub/session/090a6bdf-49f7-4678-9608-aa52f4346640/screenshot [39m[32m200[39m [90m995 ms - 705756[39m
[38;5;0m[HTTP][0m [90m[39m
[38;5;0m[HTTP][0m [37m-->[39m [37mPOST[39m [37m/wd/hub/session/090a6bdf-49f7-4678-9608-aa52f4346640/elements[39m
[38;5;0m[HTTP][0m [90m{"using":"xpath","value":"//*[@class = 'android.widget.TextView' and (@text = 'Andorra' or . = 'Andorra') and @resource-id = 'android:id/text1']"}[39m
[38;5;0m[HTTP][0m [37m<-- POST /wd/hub/session/090a6bdf-49f7-4678-9608-aa52f4346640/elements [39m[32m200[39m [90m225 ms - 139[39m
[38;5;0m[HTTP][0m [90m[39m
[38;5;0m[HTTP][0m [37m-->[39m [37mGET[39m [37m/wd/hub/session/090a6bdf-49f7-4678-9608-aa52f4346640/window/rect[39m
[38;5;0m[HTTP][0m [90m{}[39m
[38;5;0m[HTTP][0m [37m<-- GET /wd/hub/session/090a6bdf-49f7-4678-9608-aa52f4346640/window/rect [39m[32m200[39m [90m22 ms - 50[39m
[38;5;0m[HTTP][0m [90m[39m
[38;5;0m[HTTP][0m [37m-->[39m [37mPOST[39m [37m/wd/hub/session/090a6bdf-49f7-4678-9608-aa52f4346640/elements[39m
[38;5;0m[HTTP][0m [90m{"using":"xpath","value":"//*[@class = 'android.widget.TextView' and (@text = 'Andorra' or . = 'Andorra') and @resource-id = 'android:id/text1']"}[39m
[38;5;0m[HTTP][0m [37m<-- POST /wd/hub/session/090a6bdf-49f7-4678-9608-aa52f4346640/elements [39m[32m200[39m [90m158 ms - 139[39m
[38;5;0m[HTTP][0m [90m[39m
[38;5;0m[HTTP][0m [37m-->[39m [37mGET[39m [37m/wd/hub/session/090a6bdf-49f7-4678-9608-aa52f4346640/element/00000000-0000-0040-ffff-ffff0000002b/location[39m
[38;5;0m[HTTP][0m [90m{}[39m
[38;5;48m[AndroidUiautomator2Driver@1d6f (090a6bdf)][0m Driver proxy active, passing request on via HTTP proxy
[38;5;48m[AndroidUiautomator2Driver@1d6f (090a6bdf)][0m Replacing sessionId 8754f861-d789-45c0-99ee-f2c4ee5f60fe with 090a6bdf-49f7-4678-9608-aa52f4346640
[38;5;0m[HTTP][0m [37m<-- GET /wd/hub/session/090a6bdf-49f7-4678-9608-aa52f4346640/element/00000000-0000-0040-ffff-ffff0000002b/location [39m[32m200[39m [90m39 ms - 79[39m
[38;5;0m[HTTP][0m [90m[39m
[38;5;0m[HTTP][0m [37m-->[39m [37mPOST[39m [37m/wd/hub/session/090a6bdf-49f7-4678-9608-aa52f4346640/element/00000000-0000-0040-ffff-ffff0000002b/click[39m
[38;5;0m[HTTP][0m [90m{"id":"00000000-0000-0040-ffff-ffff0000002b"}[39m
[38;5;0m[HTTP][0m [37m<-- POST /wd/hub/session/090a6bdf-49f7-4678-9608-aa52f4346640/element/00000000-0000-0040-ffff-ffff0000002b/click [39m[32m200[39m [90m69 ms - 14[39m
[38;5;0m[HTTP][0m [90m[39m
[38;5;0m[HTTP][0m [37m-->[39m [37mGET[39m [37m/wd/hub/session/090a6bdf-49f7-4678-9608-aa52f4346640/source[39m
[38;5;0m[HTTP][0m [90m{}[39m
[38;5;48m[AndroidUiautomator2Driver@1d6f (090a6bdf)][0m Driver proxy active, passing request on via HTTP proxy
[38;5;48m[AndroidUiautomator2Driver@1d6f (090a6bdf)][0m Replacing sessionId 8754f861-d789-45c0-99ee-f2c4ee5f60fe with 090a6bdf-49f7-4678-9608-aa52f4346640
[38;5;0m[HTTP][0m [37m<-- GET /wd/hub/session/090a6bdf-49f7-4678-9608-aa52f4346640/source [39m[32m200[39m [90m328 ms - 11081[39m
[38;5;0m[HTTP][0m [90m[39m
[38;5;0m[HTTP][0m [37m-->[39m [37mGET[39m [37m/wd/hub/session/090a6bdf-49f7-4678-9608-aa52f4346640/screenshot[39m
[38;5;0m[HTTP][0m [90m{}[39m
[38;5;0m[HTTP][0m [37m<-- GET /wd/hub/session/090a6bdf-49f7-4678-9608-aa52f4346640/screenshot [39m[32m200[39m [90m990 ms - 676704[39m
[38;5;0m[HTTP][0m [90m[39m
[38;5;0m[HTTP][0m [37m-->[39m [37mPOST[39m [37m/wd/hub/session/090a6bdf-49f7-4678-9608-aa52f4346640/elements[39m
[38;5;0m[HTTP][0m [90m{"using":"xpath","value":"//*[@class = 'android.widget.EditText' and (@text = 'Enter name here' or . = 'Enter name here') and @resource-id = 'com.androidsample.generalstore:id/nameField']"}[39m
[38;5;0m[HTTP][0m [37m<-- POST /wd/hub/session/090a6bdf-49f7-4678-9608-aa52f4346640/elements [39m[32m200[39m [90m271 ms - 139[39m
[38;5;0m[HTTP][0m [90m[39m
[38;5;0m[HTTP][0m [37m-->[39m [37mGET[39m [37m/wd/hub/session/090a6bdf-49f7-4678-9608-aa52f4346640/window/rect[39m
[38;5;0m[HTTP][0m [90m{}[39m
[38;5;0m[HTTP][0m [37m<-- GET /wd/hub/session/090a6bdf-49f7-4678-9608-aa52f4346640/window/rect [39m[32m200[39m [90m46 ms - 50[39m
[38;5;0m[HTTP][0m [90m[39m
[38;5;0m[HTTP][0m [37m-->[39m [37mPOST[39m [37m/wd/hub/session/090a6bdf-49f7-4678-9608-aa52f4346640/elements[39m
[38;5;0m[HTTP][0m [90m{"using":"xpath","value":"//*[@class = 'android.widget.EditText' and (@text = 'Enter name here' or . = 'Enter name here') and @resource-id = 'com.androidsample.generalstore:id/nameField']"}[39m
[38;5;0m[HTTP][0m [37m<-- POST /wd/hub/session/090a6bdf-49f7-4678-9608-aa52f4346640/elements [39m[32m200[39m [90m248 ms - 139[39m
[38;5;0m[HTTP][0m [90m[39m
[38;5;0m[HTTP][0m [37m-->[39m [37mGET[39m [37m/wd/hub/session/090a6bdf-49f7-4678-9608-aa52f4346640/element/00000000-0000-0039-ffff-ffff0000001b/location[39m
[38;5;0m[HTTP][0m [90m{}[39m
[38;5;48m[AndroidUiautomator2Driver@1d6f (090a6bdf)][0m Driver proxy active, passing request on via HTTP proxy
[38;5;48m[AndroidUiautomator2Driver@1d6f (090a6bdf)][0m Replacing sessionId 8754f861-d789-45c0-99ee-f2c4ee5f60fe with 090a6bdf-49f7-4678-9608-aa52f4346640
[38;5;0m[HTTP][0m [37m<-- GET /wd/hub/session/090a6bdf-49f7-4678-9608-aa52f4346640/element/00000000-0000-0039-ffff-ffff0000001b/location [39m[32m200[39m [90m363 ms - 79[39m
[38;5;0m[HTTP][0m [90m[39m
[38;5;0m[HTTP][0m [37m-->[39m [37mPOST[39m [37m/wd/hub/session/090a6bdf-49f7-4678-9608-aa52f4346640/element/00000000-0000-0039-ffff-ffff0000001b/clear[39m
[38;5;0m[HTTP][0m [90m{"id":"00000000-0000-0039-ffff-ffff0000001b"}[39m
[38;5;0m[HTTP][0m [37m<-- POST /wd/hub/session/090a6bdf-49f7-4678-9608-aa52f4346640/element/00000000-0000-0039-ffff-ffff0000001b/clear [39m[32m200[39m [90m75 ms - 14[39m
[38;5;0m[HTTP][0m [90m[39m
[38;5;0m[HTTP][0m [37m-->[39m [37mPOST[39m [37m/wd/hub/session/090a6bdf-49f7-4678-9608-aa52f4346640/element/00000000-0000-0039-ffff-ffff0000001b/click[39m
[38;5;0m[HTTP][0m [90m{"id":"00000000-0000-0039-ffff-ffff0000001b"}[39m
[38;5;0m[HTTP][0m [37m<-- POST /wd/hub/session/090a6bdf-49f7-4678-9608-aa52f4346640/element/00000000-0000-0039-ffff-ffff0000001b/click [39m[32m200[39m [90m539 ms - 14[39m
[38;5;0m[HTTP][0m [90m[39m
[38;5;0m[HTTP][0m [37m-->[39m [37mPOST[39m [37m/wd/hub/session/090a6bdf-49f7-4678-9608-aa52f4346640/element/00000000-0000-0039-ffff-ffff0000001b/value[39m
[38;5;0m[HTTP][0m [90m{"id":"00000000-0000-0039-ffff-ffff0000001b","text":"Nahla","value":["N","a","h","l","a"]}[39m
[38;5;0m[HTTP][0m [37m<-- POST /wd/hub/session/090a6bdf-49f7-4678-9608-aa52f4346640/element/00000000-0000-0039-ffff-ffff0000001b/value [39m[32m200[39m [90m1857 ms - 14[39m
[38;5;0m[HTTP][0m [90m[39m
[38;5;0m[HTTP][0m [37m-->[39m [37mGET[39m [37m/wd/hub/session/090a6bdf-49f7-4678-9608-aa52f4346640/source[39m
[38;5;0m[HTTP][0m [90m{}[39m
[38;5;48m[AndroidUiautomator2Driver@1d6f (090a6bdf)][0m Driver proxy active, passing request on via HTTP proxy
[38;5;48m[AndroidUiautomator2Driver@1d6f (090a6bdf)][0m Replacing sessionId 8754f861-d789-45c0-99ee-f2c4ee5f60fe with 090a6bdf-49f7-4678-9608-aa52f4346640
[38;5;0m[HTTP][0m [37m<-- GET /wd/hub/session/090a6bdf-49f7-4678-9608-aa52f4346640/source [39m[32m200[39m [90m276 ms - 8750[39m
[38;5;0m[HTTP][0m [90m[39m
[38;5;0m[HTTP][0m [37m-->[39m [37mGET[39m [37m/wd/hub/session/090a6bdf-49f7-4678-9608-aa52f4346640/screenshot[39m
[38;5;0m[HTTP][0m [90m{}[39m
[38;5;0m[HTTP][0m [37m<-- GET /wd/hub/session/090a6bdf-49f7-4678-9608-aa52f4346640/screenshot [39m[32m200[39m [90m1051 ms - 774916[39m
[38;5;0m[HTTP][0m [90m[39m
[38;5;0m[HTTP][0m [37m-->[39m [37mGET[39m [37m/wd/hub/session/090a6bdf-49f7-4678-9608-aa52f4346640/context[39m
[38;5;0m[HTTP][0m [90m{}[39m
[38;5;0m[HTTP][0m [37m<-- GET /wd/hub/session/090a6bdf-49f7-4678-9608-aa52f4346640/context [39m[32m200[39m [90m2 ms - 22[39m
[38;5;0m[HTTP][0m [90m[39m
[38;5;0m[HTTP][0m [37m-->[39m [37mGET[39m [37m/wd/hub/session/090a6bdf-49f7-4678-9608-aa52f4346640/contexts[39m
[38;5;0m[HTTP][0m [90m{}[39m
[38;5;0m[HTTP][0m [37m<-- GET /wd/hub/session/090a6bdf-49f7-4678-9608-aa52f4346640/contexts [39m[32m200[39m [90m283 ms - 24[39m
[38;5;0m[HTTP][0m [90m[39m
[38;5;0m[HTTP][0m [37m-->[39m [37mPOST[39m [37m/wd/hub/session/090a6bdf-49f7-4678-9608-aa52f4346640/context[39m
[38;5;0m[HTTP][0m [90m{"name":"NATIVE_APP"}[39m
[38;5;0m[HTTP][0m [37m<-- POST /wd/hub/session/090a6bdf-49f7-4678-9608-aa52f4346640/context [39m[32m200[39m [90m1 ms - 14[39m
[38;5;0m[HTTP][0m [90m[39m
[38;5;0m[HTTP][0m [37m-->[39m [37mPOST[39m [37m/wd/hub/session/090a6bdf-49f7-4678-9608-aa52f4346640/appium/device/press_keycode[39m
[38;5;0m[HTTP][0m [90m{"keycode":4}[39m
[38;5;0m[HTTP][0m [37m<-- POST /wd/hub/session/090a6bdf-49f7-4678-9608-aa52f4346640/appium/device/press_keycode [39m[32m200[39m [90m102 ms - 14[39m
[38;5;0m[HTTP][0m [90m[39m
[38;5;0m[HTTP][0m [37m-->[39m [37mPOST[39m [37m/wd/hub/session/090a6bdf-49f7-4678-9608-aa52f4346640/context[39m
[38;5;0m[HTTP][0m [90m{"name":"NATIVE_APP"}[39m
[38;5;0m[HTTP][0m [37m<-- POST /wd/hub/session/090a6bdf-49f7-4678-9608-aa52f4346640/context [39m[32m200[39m [90m1 ms - 14[39m
[38;5;0m[HTTP][0m [90m[39m
[38;5;0m[HTTP][0m [37m-->[39m [37mGET[39m [37m/wd/hub/session/090a6bdf-49f7-4678-9608-aa52f4346640/source[39m
[38;5;0m[HTTP][0m [90m{}[39m
[38;5;48m[AndroidUiautomator2Driver@1d6f (090a6bdf)][0m Driver proxy active, passing request on via HTTP proxy
[38;5;48m[AndroidUiautomator2Driver@1d6f (090a6bdf)][0m Replacing sessionId 8754f861-d789-45c0-99ee-f2c4ee5f60fe with 090a6bdf-49f7-4678-9608-aa52f4346640
[38;5;0m[HTTP][0m [37m<-- GET /wd/hub/session/090a6bdf-49f7-4678-9608-aa52f4346640/source [39m[32m200[39m [90m390 ms - 11070[39m
[38;5;0m[HTTP][0m [90m[39m
[38;5;0m[HTTP][0m [37m-->[39m [37mGET[39m [37m/wd/hub/session/090a6bdf-49f7-4678-9608-aa52f4346640/screenshot[39m
[38;5;0m[HTTP][0m [90m{}[39m
[38;5;0m[HTTP][0m [37m<-- GET /wd/hub/session/090a6bdf-49f7-4678-9608-aa52f4346640/screenshot [39m[32m200[39m [90m1013 ms - 675192[39m
[38;5;0m[HTTP][0m [90m[39m
[38;5;0m[HTTP][0m [37m-->[39m [37mPOST[39m [37m/wd/hub/session/090a6bdf-49f7-4678-9608-aa52f4346640/elements[39m
[38;5;0m[HTTP][0m [90m{"using":"xpath","value":"//*[@class = 'android.widget.RadioButton' and (@text = 'Female' or . = 'Female') and @resource-id = 'com.androidsample.generalstore:id/radioFemale']"}[39m
[38;5;0m[HTTP][0m [37m<-- POST /wd/hub/session/090a6bdf-49f7-4678-9608-aa52f4346640/elements [39m[32m200[39m [90m236 ms - 139[39m
[38;5;0m[HTTP][0m [90m[39m
[38;5;0m[HTTP][0m [37m-->[39m [37mGET[39m [37m/wd/hub/session/090a6bdf-49f7-4678-9608-aa52f4346640/window/rect[39m
[38;5;0m[HTTP][0m [90m{}[39m
[38;5;0m[HTTP][0m [37m<-- GET /wd/hub/session/090a6bdf-49f7-4678-9608-aa52f4346640/window/rect [39m[32m200[39m [90m21 ms - 50[39m
[38;5;0m[HTTP][0m [90m[39m
[38;5;0m[HTTP][0m [37m-->[39m [37mPOST[39m [37m/wd/hub/session/090a6bdf-49f7-4678-9608-aa52f4346640/elements[39m
[38;5;0m[HTTP][0m [90m{"using":"xpath","value":"//*[@class = 'android.widget.RadioButton' and (@text = 'Female' or . = 'Female') and @resource-id = 'com.androidsample.generalstore:id/radioFemale']"}[39m
[38;5;0m[HTTP][0m [37m<-- POST /wd/hub/session/090a6bdf-49f7-4678-9608-aa52f4346640/elements [39m[32m200[39m [90m183 ms - 139[39m
[38;5;0m[HTTP][0m [90m[39m
[38;5;0m[HTTP][0m [37m-->[39m [37mGET[39m [37m/wd/hub/session/090a6bdf-49f7-4678-9608-aa52f4346640/element/00000000-0000-0039-ffff-ffff00000021/location[39m
[38;5;0m[HTTP][0m [90m{}[39m
[38;5;48m[AndroidUiautomator2Driver@1d6f (090a6bdf)][0m Driver proxy active, passing request on via HTTP proxy
[38;5;48m[AndroidUiautomator2Driver@1d6f (090a6bdf)][0m Replacing sessionId 8754f861-d789-45c0-99ee-f2c4ee5f60fe with 090a6bdf-49f7-4678-9608-aa52f4346640
[38;5;0m[HTTP][0m [37m<-- GET /wd/hub/session/090a6bdf-49f7-4678-9608-aa52f4346640/element/00000000-0000-0039-ffff-ffff00000021/location [39m[32m200[39m [90m25 ms - 79[39m
[38;5;0m[HTTP][0m [90m[39m
[38;5;0m[HTTP][0m [37m-->[39m [37mPOST[39m [37m/wd/hub/session/090a6bdf-49f7-4678-9608-aa52f4346640/element/00000000-0000-0039-ffff-ffff00000021/click[39m
[38;5;0m[HTTP][0m [90m{"id":"00000000-0000-0039-ffff-ffff00000021"}[39m
[38;5;0m[HTTP][0m [37m<-- POST /wd/hub/session/090a6bdf-49f7-4678-9608-aa52f4346640/element/00000000-0000-0039-ffff-ffff00000021/click [39m[32m200[39m [90m50 ms - 14[39m
[38;5;0m[HTTP][0m [90m[39m
[38;5;0m[HTTP][0m [37m-->[39m [37mGET[39m [37m/wd/hub/session/090a6bdf-49f7-4678-9608-aa52f4346640/source[39m
[38;5;0m[HTTP][0m [90m{}[39m
[38;5;48m[AndroidUiautomator2Driver@1d6f (090a6bdf)][0m Driver proxy active, passing request on via HTTP proxy
[38;5;48m[AndroidUiautomator2Driver@1d6f (090a6bdf)][0m Replacing sessionId 8754f861-d789-45c0-99ee-f2c4ee5f60fe with 090a6bdf-49f7-4678-9608-aa52f4346640
[38;5;0m[HTTP][0m [37m<-- GET /wd/hub/session/090a6bdf-49f7-4678-9608-aa52f4346640/source [39m[32m200[39m [90m150 ms - 11070[39m
[38;5;0m[HTTP][0m [90m[39m
[38;5;0m[HTTP][0m [37m-->[39m [37mGET[39m [37m/wd/hub/session/090a6bdf-49f7-4678-9608-aa52f4346640/screenshot[39m
[38;5;0m[HTTP][0m [90m{}[39m
[38;5;0m[HTTP][0m [37m<-- GET /wd/hub/session/090a6bdf-49f7-4678-9608-aa52f4346640/screenshot [39m[32m200[39m [90m1029 ms - 675144[39m
[38;5;0m[HTTP][0m [90m[39m
[38;5;0m[HTTP][0m [37m-->[39m [37mPOST[39m [37m/wd/hub/session/090a6bdf-49f7-4678-9608-aa52f4346640/elements[39m
[38;5;0m[HTTP][0m [90m{"using":"xpath","value":"//*[@class = 'android.widget.Button' and (@text = concat(\"Let\" , \"'\" , \"s  Shop\") or . = concat(\"Let\" , \"'\" , \"s  Shop\")) and @resource-id = 'com.androidsample.generalstore:id/btnLetsShop']"}[39m
[38;5;0m[HTTP][0m [37m<-- POST /wd/hub/session/090a6bdf-49f7-4678-9608-aa52f4346640/elements [39m[32m200[39m [90m209 ms - 139[39m
[38;5;0m[HTTP][0m [90m[39m
[38;5;0m[HTTP][0m [37m-->[39m [37mGET[39m [37m/wd/hub/session/090a6bdf-49f7-4678-9608-aa52f4346640/window/rect[39m
[38;5;0m[HTTP][0m [90m{}[39m
[38;5;0m[HTTP][0m [37m<-- GET /wd/hub/session/090a6bdf-49f7-4678-9608-aa52f4346640/window/rect [39m[32m200[39m [90m18 ms - 50[39m
[38;5;0m[HTTP][0m [90m[39m
[38;5;0m[HTTP][0m [37m-->[39m [37mPOST[39m [37m/wd/hub/session/090a6bdf-49f7-4678-9608-aa52f4346640/elements[39m
[38;5;0m[HTTP][0m [90m{"using":"xpath","value":"//*[@class = 'android.widget.Button' and (@text = concat(\"Let\" , \"'\" , \"s  Shop\") or . = concat(\"Let\" , \"'\" , \"s  Shop\")) and @resource-id = 'com.androidsample.generalstore:id/btnLetsShop']"}[39m
[38;5;0m[HTTP][0m [37m<-- POST /wd/hub/session/090a6bdf-49f7-4678-9608-aa52f4346640/elements [39m[32m200[39m [90m140 ms - 139[39m
[38;5;0m[HTTP][0m [90m[39m
[38;5;0m[HTTP][0m [37m-->[39m [37mGET[39m [37m/wd/hub/session/090a6bdf-49f7-4678-9608-aa52f4346640/element/00000000-0000-0039-ffff-ffff0000001e/location[39m
[38;5;0m[HTTP][0m [90m{}[39m
[38;5;48m[AndroidUiautomator2Driver@1d6f (090a6bdf)][0m Driver proxy active, passing request on via HTTP proxy
[38;5;48m[AndroidUiautomator2Driver@1d6f (090a6bdf)][0m Replacing sessionId 8754f861-d789-45c0-99ee-f2c4ee5f60fe with 090a6bdf-49f7-4678-9608-aa52f4346640
[38;5;0m[HTTP][0m [37m<-- GET /wd/hub/session/090a6bdf-49f7-4678-9608-aa52f4346640/element/00000000-0000-0039-ffff-ffff0000001e/location [39m[32m200[39m [90m32 ms - 79[39m
[38;5;0m[HTTP][0m [90m[39m
[38;5;0m[HTTP][0m [37m-->[39m [37mPOST[39m [37m/wd/hub/session/090a6bdf-49f7-4678-9608-aa52f4346640/element/00000000-0000-0039-ffff-ffff0000001e/click[39m
[38;5;0m[HTTP][0m [90m{"id":"00000000-0000-0039-ffff-ffff0000001e"}[39m
[38;5;0m[HTTP][0m [37m<-- POST /wd/hub/session/090a6bdf-49f7-4678-9608-aa52f4346640/element/00000000-0000-0039-ffff-ffff0000001e/click [39m[32m200[39m [90m52 ms - 14[39m
[38;5;0m[HTTP][0m [90m[39m
[38;5;0m[HTTP][0m [37m-->[39m [37mGET[39m [37m/wd/hub/session/090a6bdf-49f7-4678-9608-aa52f4346640/source[39m
[38;5;0m[HTTP][0m [90m{}[39m
[38;5;48m[AndroidUiautomator2Driver@1d6f (090a6bdf)][0m Driver proxy active, passing request on via HTTP proxy
[38;5;48m[AndroidUiautomator2Driver@1d6f (090a6bdf)][0m Replacing sessionId 8754f861-d789-45c0-99ee-f2c4ee5f60fe with 090a6bdf-49f7-4678-9608-aa52f4346640
[38;5;0m[HTTP][0m [37m<-- GET /wd/hub/session/090a6bdf-49f7-4678-9608-aa52f4346640/source [39m[32m200[39m [90m1177 ms - 17258[39m
[38;5;0m[HTTP][0m [90m[39m
[38;5;0m[HTTP][0m [37m-->[39m [37mGET[39m [37m/wd/hub/session/090a6bdf-49f7-4678-9608-aa52f4346640/screenshot[39m
[38;5;0m[HTTP][0m [90m{}[39m
[38;5;0m[HTTP][0m [37m<-- GET /wd/hub/session/090a6bdf-49f7-4678-9608-aa52f4346640/screenshot [39m[32m200[39m [90m743 ms - 376324[39m
[38;5;0m[HTTP][0m [90m[39m
[38;5;0m[HTTP][0m [37m-->[39m [37mPOST[39m [37m/wd/hub/session/090a6bdf-49f7-4678-9608-aa52f4346640/elements[39m
[38;5;0m[HTTP][0m [90m{"using":"xpath","value":"//*[@class = 'android.widget.TextView' and (@text = 'ADD TO CART' or . = 'ADD TO CART') and @resource-id = 'com.androidsample.generalstore:id/productAddCart']"}[39m
[38;5;0m[HTTP][0m [37m<-- POST /wd/hub/session/090a6bdf-49f7-4678-9608-aa52f4346640/elements [39m[32m200[39m [90m245 ms - 267[39m
[38;5;0m[HTTP][0m [90m[39m
[38;5;0m[HTTP][0m [37m-->[39m [37mPOST[39m [37m/wd/hub/session/090a6bdf-49f7-4678-9608-aa52f4346640/elements[39m
[38;5;0m[HTTP][0m [90m{"using":"id","value":"com.androidsample.generalstore:id/productAddCart"}[39m
[38;5;0m[HTTP][0m [37m<-- POST /wd/hub/session/090a6bdf-49f7-4678-9608-aa52f4346640/elements [39m[32m200[39m [90m45 ms - 267[39m
[38;5;0m[HTTP][0m [90m[39m
[38;5;0m[HTTP][0m [37m-->[39m [37mPOST[39m [37m/wd/hub/session/090a6bdf-49f7-4678-9608-aa52f4346640/elements[39m
[38;5;0m[HTTP][0m [90m{"using":"-android uiautomator","value":"new UiSelector().className(\"android.widget.TextView\").text(\"ADD TO CART\").resourceId(\"com.androidsample.generalstore:id/productAddCart\")"}[39m
[38;5;0m[HTTP][0m [37m<-- POST /wd/hub/session/090a6bdf-49f7-4678-9608-aa52f4346640/elements [39m[32m200[39m [90m148 ms - 267[39m
[38;5;0m[HTTP][0m [90m[39m
[38;5;0m[HTTP][0m [37m-->[39m [37mGET[39m [37m/wd/hub/session/090a6bdf-49f7-4678-9608-aa52f4346640/window/rect[39m
[38;5;0m[HTTP][0m [90m{}[39m
[38;5;0m[HTTP][0m [37m<-- GET /wd/hub/session/090a6bdf-49f7-4678-9608-aa52f4346640/window/rect [39m[32m200[39m [90m31 ms - 50[39m
[38;5;0m[HTTP][0m [90m[39m
[38;5;0m[HTTP][0m [37m-->[39m [37mPOST[39m [37m/wd/hub/session/090a6bdf-49f7-4678-9608-aa52f4346640/elements[39m
[38;5;0m[HTTP][0m [90m{"using":"xpath","value":"//hierarchy/android.widget.FrameLayout[1]/android.widget.LinearLayout[1]/android.widget.FrameLayout[1]/android.widget.LinearLayout[1]/android.widget.FrameLayout[1]/android.view.ViewGroup[1]/android.widget.RelativeLayout[1]/android.widget.FrameLayout[1]/android.support.v7.widget.RecyclerView[1]/android.widget.RelativeLayout[1]/android.widget.LinearLayout[1]/android.widget.LinearLayout[2]/android.widget.TextView[2]"}[39m
[38;5;0m[HTTP][0m [37m<-- POST /wd/hub/session/090a6bdf-49f7-4678-9608-aa52f4346640/elements [39m[32m200[39m [90m138 ms - 139[39m
[38;5;0m[HTTP][0m [90m[39m
[38;5;0m[HTTP][0m [37m-->[39m [37mGET[39m [37m/wd/hub/session/090a6bdf-49f7-4678-9608-aa52f4346640/element/00000000-0000-0041-ffff-ffff00000047/location[39m
[38;5;0m[HTTP][0m [90m{}[39m
[38;5;48m[AndroidUiautomator2Driver@1d6f (090a6bdf)][0m Driver proxy active, passing request on via HTTP proxy
[38;5;48m[AndroidUiautomator2Driver@1d6f (090a6bdf)][0m Replacing sessionId 8754f861-d789-45c0-99ee-f2c4ee5f60fe with 090a6bdf-49f7-4678-9608-aa52f4346640
[38;5;0m[HTTP][0m [37m<-- GET /wd/hub/session/090a6bdf-49f7-4678-9608-aa52f4346640/element/00000000-0000-0041-ffff-ffff00000047/location [39m[32m200[39m [90m29 ms - 78[39m
[38;5;0m[HTTP][0m [90m[39m
[38;5;0m[HTTP][0m [37m-->[39m [37mPOST[39m [37m/wd/hub/session/090a6bdf-49f7-4678-9608-aa52f4346640/element/00000000-0000-0041-ffff-ffff00000047/click[39m
[38;5;0m[HTTP][0m [90m{"id":"00000000-0000-0041-ffff-ffff00000047"}[39m
[38;5;0m[HTTP][0m [37m<-- POST /wd/hub/session/090a6bdf-49f7-4678-9608-aa52f4346640/element/00000000-0000-0041-ffff-ffff00000047/click [39m[32m200[39m [90m50 ms - 14[39m
[38;5;0m[HTTP][0m [90m[39m
[38;5;0m[HTTP][0m [37m-->[39m [37mGET[39m [37m/wd/hub/session/090a6bdf-49f7-4678-9608-aa52f4346640/source[39m
[38;5;0m[HTTP][0m [90m{}[39m
[38;5;48m[AndroidUiautomator2Driver@1d6f (090a6bdf)][0m Driver proxy active, passing request on via HTTP proxy
[38;5;48m[AndroidUiautomator2Driver@1d6f (090a6bdf)][0m Replacing sessionId 8754f861-d789-45c0-99ee-f2c4ee5f60fe with 090a6bdf-49f7-4678-9608-aa52f4346640
[38;5;0m[HTTP][0m [37m<-- GET /wd/hub/session/090a6bdf-49f7-4678-9608-aa52f4346640/source [39m[32m200[39m [90m208 ms - 17722[39m
[38;5;0m[HTTP][0m [90m[39m
[38;5;0m[HTTP][0m [37m-->[39m [37mGET[39m [37m/wd/hub/session/090a6bdf-49f7-4678-9608-aa52f4346640/screenshot[39m
[38;5;0m[HTTP][0m [90m{}[39m
[38;5;0m[HTTP][0m [37m<-- GET /wd/hub/session/090a6bdf-49f7-4678-9608-aa52f4346640/screenshot [39m[32m200[39m [90m770 ms - 379536[39m
[38;5;0m[HTTP][0m [90m[39m
[38;5;0m[HTTP][0m [37m-->[39m [37mPOST[39m [37m/wd/hub/session/090a6bdf-49f7-4678-9608-aa52f4346640/elements[39m
[38;5;0m[HTTP][0m [90m{"using":"xpath","value":"//*[@class = 'android.widget.TextView' and (@text = 'ADD TO CART' or . = 'ADD TO CART') and @resource-id = 'com.androidsample.generalstore:id/productAddCart']"}[39m
[38;5;0m[HTTP][0m [37m<-- POST /wd/hub/session/090a6bdf-49f7-4678-9608-aa52f4346640/elements [39m[32m200[39m [90m199 ms - 139[39m
[38;5;0m[HTTP][0m [90m[39m
[38;5;0m[HTTP][0m [37m-->[39m [37mGET[39m [37m/wd/hub/session/090a6bdf-49f7-4678-9608-aa52f4346640/window/rect[39m
[38;5;0m[HTTP][0m [90m{}[39m
[38;5;0m[HTTP][0m [37m<-- GET /wd/hub/session/090a6bdf-49f7-4678-9608-aa52f4346640/window/rect [39m[32m200[39m [90m21 ms - 50[39m
[38;5;0m[HTTP][0m [90m[39m
[38;5;0m[HTTP][0m [37m-->[39m [37mPOST[39m [37m/wd/hub/session/090a6bdf-49f7-4678-9608-aa52f4346640/elements[39m
[38;5;0m[HTTP][0m [90m{"using":"xpath","value":"//*[@class = 'android.widget.TextView' and (@text = 'ADD TO CART' or . = 'ADD TO CART') and @resource-id = 'com.androidsample.generalstore:id/productAddCart']"}[39m
[38;5;0m[HTTP][0m [37m<-- POST /wd/hub/session/090a6bdf-49f7-4678-9608-aa52f4346640/elements [39m[32m200[39m [90m162 ms - 139[39m
[38;5;0m[HTTP][0m [90m[39m
[38;5;0m[HTTP][0m [37m-->[39m [37mGET[39m [37m/wd/hub/session/090a6bdf-49f7-4678-9608-aa52f4346640/element/00000000-0000-0041-ffff-ffff00000053/location[39m
[38;5;0m[HTTP][0m [90m{}[39m
[38;5;48m[AndroidUiautomator2Driver@1d6f (090a6bdf)][0m Driver proxy active, passing request on via HTTP proxy
[38;5;48m[AndroidUiautomator2Driver@1d6f (090a6bdf)][0m Replacing sessionId 8754f861-d789-45c0-99ee-f2c4ee5f60fe with 090a6bdf-49f7-4678-9608-aa52f4346640
[38;5;0m[HTTP][0m [37m<-- GET /wd/hub/session/090a6bdf-49f7-4678-9608-aa52f4346640/element/00000000-0000-0041-ffff-ffff00000053/location [39m[32m200[39m [90m32 ms - 78[39m
[38;5;0m[HTTP][0m [90m[39m
[38;5;0m[HTTP][0m [37m-->[39m [37mPOST[39m [37m/wd/hub/session/090a6bdf-49f7-4678-9608-aa52f4346640/element/00000000-0000-0041-ffff-ffff00000053/click[39m
[38;5;0m[HTTP][0m [90m{"id":"00000000-0000-0041-ffff-ffff00000053"}[39m
[38;5;0m[HTTP][0m [37m<-- POST /wd/hub/session/090a6bdf-49f7-4678-9608-aa52f4346640/element/00000000-0000-0041-ffff-ffff00000053/click [39m[32m200[39m [90m52 ms - 14[39m
[38;5;0m[HTTP][0m [90m[39m
[38;5;0m[HTTP][0m [37m-->[39m [37mGET[39m [37m/wd/hub/session/090a6bdf-49f7-4678-9608-aa52f4346640/source[39m
[38;5;0m[HTTP][0m [90m{}[39m
[38;5;48m[AndroidUiautomator2Driver@1d6f (090a6bdf)][0m Driver proxy active, passing request on via HTTP proxy
[38;5;48m[AndroidUiautomator2Driver@1d6f (090a6bdf)][0m Replacing sessionId 8754f861-d789-45c0-99ee-f2c4ee5f60fe with 090a6bdf-49f7-4678-9608-aa52f4346640
[38;5;0m[HTTP][0m [37m<-- GET /wd/hub/session/090a6bdf-49f7-4678-9608-aa52f4346640/source [39m[32m200[39m [90m242 ms - 17724[39m
[38;5;0m[HTTP][0m [90m[39m
[38;5;0m[HTTP][0m [37m-->[39m [37mGET[39m [37m/wd/hub/session/090a6bdf-49f7-4678-9608-aa52f4346640/screenshot[39m
[38;5;0m[HTTP][0m [90m{}[39m
[38;5;0m[HTTP][0m [37m<-- GET /wd/hub/session/090a6bdf-49f7-4678-9608-aa52f4346640/screenshot [39m[32m200[39m [90m747 ms - 379892[39m
[38;5;0m[HTTP][0m [90m[39m
[38;5;0m[HTTP][0m [37m-->[39m [37mPOST[39m [37m/wd/hub/session/090a6bdf-49f7-4678-9608-aa52f4346640/elements[39m
[38;5;0m[HTTP][0m [90m{"using":"xpath","value":"//*[@class = 'android.widget.ImageButton' and @resource-id = 'com.androidsample.generalstore:id/appbar_btn_cart' and (@text = '' or . = '')]"}[39m
[38;5;0m[HTTP][0m [37m<-- POST /wd/hub/session/090a6bdf-49f7-4678-9608-aa52f4346640/elements [39m[32m200[39m [90m196 ms - 139[39m
[38;5;0m[HTTP][0m [90m[39m
[38;5;0m[HTTP][0m [37m-->[39m [37mGET[39m [37m/wd/hub/session/090a6bdf-49f7-4678-9608-aa52f4346640/window/rect[39m
[38;5;0m[HTTP][0m [90m{}[39m
[38;5;0m[HTTP][0m [37m<-- GET /wd/hub/session/090a6bdf-49f7-4678-9608-aa52f4346640/window/rect [39m[32m200[39m [90m18 ms - 50[39m
[38;5;0m[HTTP][0m [90m[39m
[38;5;0m[HTTP][0m [37m-->[39m [37mPOST[39m [37m/wd/hub/session/090a6bdf-49f7-4678-9608-aa52f4346640/elements[39m
[38;5;0m[HTTP][0m [90m{"using":"xpath","value":"//*[@class = 'android.widget.ImageButton' and @resource-id = 'com.androidsample.generalstore:id/appbar_btn_cart' and (@text = '' or . = '')]"}[39m
[38;5;0m[HTTP][0m [37m<-- POST /wd/hub/session/090a6bdf-49f7-4678-9608-aa52f4346640/elements [39m[32m200[39m [90m115 ms - 139[39m
[38;5;0m[HTTP][0m [90m[39m
[38;5;0m[HTTP][0m [37m-->[39m [37mGET[39m [37m/wd/hub/session/090a6bdf-49f7-4678-9608-aa52f4346640/element/00000000-0000-0041-ffff-ffff0000005b/location[39m
[38;5;0m[HTTP][0m [90m{}[39m
[38;5;48m[AndroidUiautomator2Driver@1d6f (090a6bdf)][0m Driver proxy active, passing request on via HTTP proxy
[38;5;48m[AndroidUiautomator2Driver@1d6f (090a6bdf)][0m Replacing sessionId 8754f861-d789-45c0-99ee-f2c4ee5f60fe with 090a6bdf-49f7-4678-9608-aa52f4346640
[38;5;0m[HTTP][0m [37m<-- GET /wd/hub/session/090a6bdf-49f7-4678-9608-aa52f4346640/element/00000000-0000-0041-ffff-ffff0000005b/location [39m[32m200[39m [90m29 ms - 77[39m
[38;5;0m[HTTP][0m [90m[39m
[38;5;0m[HTTP][0m [37m-->[39m [37mPOST[39m [37m/wd/hub/session/090a6bdf-49f7-4678-9608-aa52f4346640/element/00000000-0000-0041-ffff-ffff0000005b/click[39m
[38;5;0m[HTTP][0m [90m{"id":"00000000-0000-0041-ffff-ffff0000005b"}[39m
[38;5;0m[HTTP][0m [37m<-- POST /wd/hub/session/090a6bdf-49f7-4678-9608-aa52f4346640/element/00000000-0000-0041-ffff-ffff0000005b/click [39m[32m200[39m [90m51 ms - 14[39m
[38;5;0m[HTTP][0m [90m[39m
[38;5;0m[HTTP][0m [37m-->[39m [37mGET[39m [37m/wd/hub/session/090a6bdf-49f7-4678-9608-aa52f4346640/source[39m
[38;5;0m[HTTP][0m [90m{}[39m
[38;5;48m[AndroidUiautomator2Driver@1d6f (090a6bdf)][0m Driver proxy active, passing request on via HTTP proxy
[38;5;48m[AndroidUiautomator2Driver@1d6f (090a6bdf)][0m Replacing sessionId 8754f861-d789-45c0-99ee-f2c4ee5f60fe with 090a6bdf-49f7-4678-9608-aa52f4346640
[38;5;0m[HTTP][0m [37m<-- GET /wd/hub/session/090a6bdf-49f7-4678-9608-aa52f4346640/source [39m[32m200[39m [90m517 ms - 17717[39m
[38;5;0m[HTTP][0m [90m[39m
[38;5;0m[HTTP][0m [37m-->[39m [37mGET[39m [37m/wd/hub/session/090a6bdf-49f7-4678-9608-aa52f4346640/screenshot[39m
[38;5;0m[HTTP][0m [90m{}[39m
[38;5;0m[HTTP][0m [37m<-- GET /wd/hub/session/090a6bdf-49f7-4678-9608-aa52f4346640/screenshot [39m[32m200[39m [90m739 ms - 343816[39m
[38;5;0m[HTTP][0m [90m[39m
[38;5;0m[HTTP][0m [37m-->[39m [37mDELETE[39m [37m/wd/hub/session/090a6bdf-49f7-4678-9608-aa52f4346640[39m
[38;5;0m[HTTP][0m [90m{}[39m
[38;5;16m[AppiumDriver@83e6][0m Removing session 090a6bdf-49f7-4678-9608-aa52f4346640 from our master session list
[38;5;48m[AndroidUiautomator2Driver@1d6f (090a6bdf)][0m Restoring hidden api policy to the device default configuration
[38;5;0m[HTTP][0m [37m<-- DELETE /wd/hub/session/090a6bdf-49f7-4678-9608-aa52f4346640 [39m[32m200[39m [90m357 ms - 14[39m
[38;5;0m[HTTP][0m [90m[39m
